<?xml version="1.0" encoding="UTF-8"?>
<!-- Generated by org.testng.reporters.JUnitXMLReporter -->
<testsuite ignored="0" hostname="DESKTOP-NSR2E2V" failures="0" tests="4" name="Test" time="30.379" errors="0" timestamp="31 lip 2020 21:14:10 GMT">
  <testcase classname="Academy.HomePage" name="baseOageNavigation" time="6.016"/>
  <testcase classname="Academy.HomePage" name="baseOageNavigation" time="2.135"/>
  <testcase classname="Academy.ValidateNavbar" name="baseOageNavigation" time="0.137"/>
  <testcase classname="Academy.ValidateTitle" name="baseOageNavigation" time="0.074"/>
</testsuite> <!-- Test -->
