<?xml version="1.0" encoding="UTF-8"?>
<!-- Generated by org.testng.reporters.JUnitXMLReporter -->
<testsuite ignored="0" hostname="DESKTOP-NSR2E2V" failures="0" tests="1" name="Validating title in the Page" time="0.032" errors="0" timestamp="03 sie 2020 07:32:16 GMT">
  <testcase classname="Academy.ValidateTitle" name="@BeforeTest initialize" time="0.011">
    <failure type="java.lang.NullPointerException">
      <![CDATA[java.lang.NullPointerException
at resources.Base.initializeDriver(Base.java:27)
at Academy.ValidateTitle.initialize(ValidateTitle.java:33)
at java.base/java.util.concurrent.FutureTask.run(FutureTask.java:264)
at java.base/java.util.concurrent.ThreadPoolExecutor.runWorker(ThreadPoolExecutor.java:1128)
at java.base/java.util.concurrent.ThreadPoolExecutor$Worker.run(ThreadPoolExecutor.java:628)
at java.base/java.lang.Thread.run(Thread.java:835)
... Removed 15 stack frames]]>
    </failure>
  </testcase> <!-- @BeforeTest initialize -->
  <testcase classname="Academy.ValidateTitle" name="@AfterTest teardown" time="0.0">
    <skipped/>
  </testcase> <!-- @AfterTest teardown -->
  <testcase classname="Academy.ValidateTitle" name="baseOageNavigation" time="0.0">
    <skipped/>
  </testcase> <!-- baseOageNavigation -->
</testsuite> <!-- Validating title in the Page -->
