<?xml version="1.0" encoding="UTF-8"?>
<testsuite xmlns:xsi="http://www.w3.org/2001/XMLSchema-instance" xsi:noNamespaceSchemaLocation="https://maven.apache.org/surefire/maven-surefire-plugin/xsd/surefire-test-report-3.0.xsd" version="3.0" name="TestSuite" time="1.636" tests="10" errors="0" skipped="7" failures="3">
  <properties>
[...]
</properties>
  <testcase name="initialize" classname="Academy.HomePage" time="1.493">
    <failure type="java.lang.NullPointerException"><![CDATA[java.lang.NullPointerException
	at Academy.HomePage.initialize(HomePage.java:56)
]]></failure>
  </testcase>
  <testcase name="basePageNavigation" classname="Academy.HomePage" time="0">
    <skipped/>
  </testcase>
  <testcase name="basePageNavigation" classname="Academy.HomePage" time="0">
    <skipped/>
  </testcase>
  <testcase name="teardown" classname="Academy.HomePage" time="0">
    <skipped/>
  </testcase>
  <testcase name="initialize" classname="Academy.ValidateTitle" time="1.494">
    <failure type="java.lang.NullPointerException"><![CDATA[java.lang.NullPointerException
	at Academy.ValidateTitle.initialize(ValidateTitle.java:33)
]]></failure>
  </testcase>
  <testcase name="baseOageNavigation" classname="Academy.ValidateTitle" time="0">
    <skipped/>
  </testcase>
  <testcase name="teardown" classname="Academy.ValidateTitle" time="0">
    <skipped/>
  </testcase>
  <testcase name="initialize" classname="Academy.ValidateNavbar" time="1.494">
    <failure type="java.lang.NullPointerException"><![CDATA[java.lang.NullPointerException
	at Academy.ValidateNavbar.initialize(ValidateNavbar.java:39)
]]></failure>
  </testcase>
  <testcase name="baseOageNavigation" classname="Academy.ValidateNavbar" time="0">
    <skipped/>
  </testcase>
  <testcase name="teardown" classname="Academy.ValidateNavbar" time="0">
    <skipped/>
  </testcase>
</testsuite>